2026-01-01 17:50:42 UTC | Thu Jan  1 23:20:42 IST 2026
2026-01-02 02:30:35 UTC | Fri Jan  2 08:00:35 IST 2026
2026-01-02 03:28:48 UTC | Fri Jan  2 08:58:48 IST 2026
2026-01-02 04:26:11 UTC | Fri Jan  2 09:56:11 IST 2026
2026-01-02 05:22:06 UTC | Fri Jan  2 10:52:06 IST 2026
2026-01-02 06:53:33 UTC | Fri Jan  2 12:23:33 IST 2026
2026-01-02 08:15:55 UTC | Fri Jan  2 13:45:55 IST 2026
2026-01-02 09:46:04 UTC | Fri Jan  2 15:16:04 IST 2026
2026-01-02 11:22:08 UTC | Fri Jan  2 16:52:08 IST 2026
2026-01-03 02:23:33 UTC | Sat Jan  3 07:53:33 IST 2026
2026-01-03 03:21:02 UTC | Sat Jan  3 08:51:02 IST 2026
2026-01-03 04:06:44 UTC | Sat Jan  3 09:36:44 IST 2026
2026-01-03 05:18:14 UTC | Sat Jan  3 10:48:14 IST 2026
2026-01-03 06:50:51 UTC | Sat Jan  3 12:20:51 IST 2026
2026-01-03 08:14:05 UTC | Sat Jan  3 13:44:05 IST 2026
2026-01-03 09:41:08 UTC | Sat Jan  3 15:11:08 IST 2026
2026-01-03 11:20:05 UTC | Sat Jan  3 16:50:05 IST 2026
2026-01-04 02:41:59 UTC | Sun Jan  4 08:11:59 IST 2026
2026-01-04 03:49:25 UTC | Sun Jan  4 09:19:25 IST 2026
2026-01-04 04:34:05 UTC | Sun Jan  4 10:04:05 IST 2026
2026-01-04 05:22:20 UTC | Sun Jan  4 10:52:20 IST 2026
2026-01-04 06:51:58 UTC | Sun Jan  4 12:21:58 IST 2026
2026-01-04 08:14:30 UTC | Sun Jan  4 13:44:30 IST 2026
2026-01-04 09:40:34 UTC | Sun Jan  4 15:10:34 IST 2026
2026-01-04 11:19:54 UTC | Sun Jan  4 16:49:54 IST 2026
2026-01-05 02:41:35 UTC | Mon Jan  5 08:11:35 IST 2026
2026-01-05 03:53:49 UTC | Mon Jan  5 09:23:49 IST 2026
2026-01-05 04:41:40 UTC | Mon Jan  5 10:11:40 IST 2026
